<?xml version="1.0" encoding="UTF-8"?>
<!-- Generated by org.testng.reporters.JUnitReportReporter -->
<testsuite hostname="DESKTOP-3R73L8V" failures="0" tests="1" name="com.inetbanking.testCases.TC_AddCustomerTest_003" time="22.157" errors="0" timestamp="27 Nov 2018 02:26:00 GMT" skipped="0">
  <testcase classname="com.inetbanking.testCases.TC_AddCustomerTest_003" name="addNewCustomer" time="22.157"/>
</testsuite> <!-- com.inetbanking.testCases.TC_AddCustomerTest_003 -->
