<?xml version="1.0" encoding="UTF-8"?>
<!-- Generated by org.testng.reporters.JUnitReportReporter -->
<testsuite hostname="DESKTOP-3R73L8V" failures="0" tests="1" name="com.inetbanking.testCases.TC_LoginTest_001" time="2.639" errors="0" timestamp="27 Nov 2018 02:26:00 GMT" skipped="0">
  <testcase classname="com.inetbanking.testCases.TC_LoginTest_001" name="loginTest" time="2.639"/>
</testsuite> <!-- com.inetbanking.testCases.TC_LoginTest_001 -->
